src/app/(dashboard)/dashboard/results/latest/page.tsx(26,26): error TS2304: Cannot find name 'params'.
src/app/(dashboard)/dashboard/results/latest/page.tsx(37,9): error TS2304: Cannot find name 'setError'.
src/app/(dashboard)/dashboard/results/latest/page.tsx(40,9): error TS2304: Cannot find name 'setLoading'.
src/app/(dashboard)/dashboard/results/latest/page.tsx(44,9): error TS2304: Cannot find name 'params'.
src/app/(dashboard)/dashboard/results/latest/page.tsx(47,7): error TS2304: Cannot find name 'params'.
src/app/(dashboard)/dashboard/voice-assessment/page.tsx(324,66): error TS2322: Type '{ value: number; className: string; indicatorClassName: string; }' is not assignable to type 'IntrinsicAttributes & ProgressProps & RefAttributes<HTMLDivElement>'.
  Property 'indicatorClassName' does not exist on type 'IntrinsicAttributes & ProgressProps & RefAttributes<HTMLDivElement>'.
src/app/(dashboard)/layout.tsx(26,18): error TS2741: Property 'mobileOpen' is missing in type '{ setMobileOpen: Dispatch<SetStateAction<boolean>>; collapsed: boolean; setCollapsed: Dispatch<SetStateAction<boolean>>; role: Role | undefined; }' but required in type 'SidebarProps'.
src/app/actions/voice-assessment.ts(67,17): error TS2353: Object literal may only specify known properties, and 'fluencyScore' does not exist in type '(Without<VoiceAssessmentUpdateInput, VoiceAssessmentUncheckedUpdateInput> & VoiceAssessmentUncheckedUpdateInput) | (Without<...> & VoiceAssessmentUpdateInput)'.
src/app/actions/voice-assessment.ts(83,17): error TS2353: Object literal may only specify known properties, and 'fluencyScore' does not exist in type 'Without<VoiceAssessmentCreateInput, VoiceAssessmentUncheckedCreateInput> & VoiceAssessmentUncheckedCreateInput'.
src/app/api/placements/[id]/voice/route.ts(63,17): error TS2353: Object literal may only specify known properties, and 'fluencyScore' does not exist in type 'Without<VoiceAssessmentCreateInput, VoiceAssessmentUncheckedCreateInput> & VoiceAssessmentUncheckedCreateInput'.
src/app/api/placements/[id]/voice/route.ts(74,17): error TS2353: Object literal may only specify known properties, and 'fluencyScore' does not exist in type '(Without<VoiceAssessmentUpdateInput, VoiceAssessmentUncheckedUpdateInput> & VoiceAssessmentUncheckedUpdateInput) | (Without<...> & VoiceAssessmentUpdateInput)'.
test_prisma/prisma.config.ts(4,30): error TS2307: Cannot find module 'prisma/config' or its corresponding type declarations.
